app/build/outputs/logs/manifest-merger-release-report.txt
-- Merging decision tree log ---
manifest
ADDED from src\main\AndroidManifest.xml:2:1-385:12
INJECTED from src\main\AndroidManifest.xml:2:1-385:12
INJECTED from src\main\AndroidManifest.xml:2:1-385:12
INJECTED from src\main\AndroidManifest.xml:2:1-385:12
MERGED from [com.cysion:ImagePicker:1.0.6] AndroidManifest.xml:2:1-52:12
MERGED from [:highlight] AndroidManifest.xml:2:1-16:12
MERGED from [com.android.support:design:27.0.0] AndroidManifest.xml:17:1-22:12
MERGED from [com.prolificinteractive:material-calendarview:1.4.3] AndroidManifest.xml:2:1-14:12
MERGED from [com.android.support:support-v4:27.0.0] AndroidManifest.xml:17:1-22:12
MERGED from [com.android.support:recyclerview-v7:27.0.0] AndroidManifest.xml:17:1-22:12
MERGED from [com.android.support:cardview-v7:27.0.0] AndroidManifest.xml:17:1-22:12
MERGED from [com.lsjwzh:materialloadingprogressbar:0.5.8-RELEASE] AndroidManifest.xml:2:1-14:12
MERGED from [com.github.paradoxie:AutoVerticalTextview:0.1] AndroidManifest.xml:2:1-17:12
MERGED from [com.android.support:appcompat-v7:27.0.0] AndroidManifest.xml:17:1-22:12
MERGED from [com.github.bumptech.glide:okhttp3-integration:1.5.0] AndroidManifest.xml:2:1-16:12
MERGED from [com.android.support.constraint:constraint-layout:1.1.3] AndroidManifest.xml:2:1-11:12
MERGED from [cn.jiguang.sdk:jpush:3.3.4] AndroidManifest.xml:2:1-148:12
MERGED from [cn.jiguang.sdk:jcore:2.1.2] AndroidManifest.xml:2:1-14:12
MERGED from [com.github.CymChad:BaseRecyclerViewAdapterHelper:2.9.40] AndroidManifest.xml:2:1-11:12
MERGED from [com.scwang.smartrefresh:SmartRefreshLayout:1.0.4] AndroidManifest.xml:2:1-17:12
MERGED from [com.scwang.smartrefresh:SmartRefreshHeader:1.0.4] AndroidManifest.xml:2:1-17:12
MERGED from [com.jakewharton:butterknife:8.8.1] AndroidManifest.xml:2:1-7:12
MERGED from [com.lzy.net:okserver:2.0.5] AndroidManifest.xml:17:1-27:12
MERGED from [com.lzy.net:okgo:3.0.4] AndroidManifest.xml:17:1-31:12
MERGED from [com.contrarywind:Android-PickerView:4.1.7] AndroidManifest.xml:2:1-11:12
MERGED from [com.youth.banner:banner:1.4.10] AndroidManifest.xml:2:1-11:12
MERGED from [:oss-android-sdk-2.9.2:] AndroidManifest.xml:2:1-22:12
MERGED from [:FaceLivenessOpen-2.1.6.15:] AndroidManifest.xml:2:1-23:12
MERGED from [:rpsdk-3.1.0.1:] AndroidManifest.xml:2:1-28:12
MERGED from [:SecurityGuardSDK-external-release-5.4.9901:] AndroidManifest.xml:2:1-37:12
MERGED from [:SecurityBodySDK-external-release-5.4.79:] AndroidManifest.xml:2:1-19:12
MERGED from [:NoCaptchaSDK-external-release-5.4.33:] AndroidManifest.xml:2:1-19:12
MERGED from [com.hjq:xxpermissions:6.0] AndroidManifest.xml:2:1-11:12
MERGED from [com.android.support:multidex:1.0.2] AndroidManifest.xml:17:1-22:12
MERGED from [com.github.chrisbanes.photoview:library:1.2.4] AndroidManifest.xml:2:1-11:12
MERGED from [com.android.support:support-fragment:27.0.0] AndroidManifest.xml:17:1-22:12
MERGED from [com.android.support:animated-vector-drawable:27.0.0] AndroidManifest.xml:17:1-22:12
MERGED from [com.android.support:support-core-ui:27.0.0] AndroidManifest.xml:17:1-22:12
MERGED from [com.android.support:transition:27.0.0] AndroidManifest.xml:17:1-22:12
MERGED from [com.android.support:support-core-utils:27.0.0] AndroidManifest.xml:17:1-22:12
MERGED from [com.android.support:support-vector-drawable:27.0.0] AndroidManifest.xml:17:1-22:12
MERGED from [com.android.support:support-media-compat:27.0.0] AndroidManifest.xml:17:1-22:12
MERGED from [com.android.support:support-compat:27.0.0] AndroidManifest.xml:17:1-22:12
MERGED from [com.contrarywind:wheelview:4.0.9] AndroidManifest.xml:2:1-11:12
MERGED from [android.arch.lifecycle:runtime:1.0.0] AndroidManifest.xml:17:1-30:12
INJECTED from src\main\AndroidManifest.xml:2:1-385:12
INJECTED from src\main\AndroidManifest.xml:2:1-385:12
INJECTED from src\main\AndroidManifest.xml:2:1-385:12
	package
		ADDED from src\main\AndroidManifest.xml:4:5-36
		INJECTED from src\main\AndroidManifest.xml
		INJECTED from src\main\AndroidManifest.xml
	android:versionName
		ADDED from src\main\AndroidManifest.xml:6:5-32
		INJECTED from src\main\AndroidManifest.xml
		INJECTED from src\main\AndroidManifest.xml
	xmlns:tools
		ADDED from src\main\AndroidManifest.xml:3:5-51
	xmlns:android
		ADDED from src\main\AndroidManifest.xml:2:11-69
	android:versionCode
		ADDED from src\main\AndroidManifest.xml:5:5-28
		INJECTED from src\main\AndroidManifest.xml
		INJECTED from src\main\AndroidManifest.xml
uses-permission#com.wuyouchuangke.com.permission.JPUSH_MESSAG39E
ADDED from src\main\AndroidManifest.xml:14:5-88
	android:name
		ADDED from src\main\AndroidManifest.xml:14:22-85
uses-permission#android.permission.RECEIVE_USER_PRESENT
ADDED from src\main\AndroidManifest.xml:15:5-79
MERGED from [cn.jiguang.sdk:jpush:3.3.4] AndroidManifest.xml:17:5-79
MERGED from [cn.jiguang.sdk:jpush:3.3.4] AndroidManifest.xml:17:5-79
	android:name
		ADDED from src\main\AndroidManifest.xml:15:22-76
uses-permission#android.permission.WAKE_LOCK
ADDED from src\main\AndroidManifest.xml:16:5-68
	android:name
		ADDED from src\main\AndroidManifest.xml:16:22-65
uses-permission#android.permission.VIBRATE
ADDED from src\main\AndroidManifest.xml:17:5-66
MERGED from [cn.jiguang.sdk:jpush:3.3.4] AndroidManifest.xml:28:5-66
MERGED from [cn.jiguang.sdk:jpush:3.3.4] AndroidManifest.xml:28:5-66
	android:name
		ADDED from src\main\AndroidManifest.xml:17:22-63
uses-permission#android.permission.ACCESS_NETWORK_STATE
ADDED from src\main\AndroidManifest.xml:18:5-79
MERGED from [cn.jiguang.sdk:jpush:3.3.4] AndroidManifest.xml:24:5-79
MERGED from [cn.jiguang.sdk:jpush:3.3.4] AndroidManifest.xml:24:5-79
MERGED from [:oss-android-sdk-2.9.2:] AndroidManifest.xml:12:5-79
MERGED from [:oss-android-sdk-2.9.2:] AndroidManifest.xml:12:5-79
MERGED from [:SecurityGuardSDK-external-release-5.4.9901:] AndroidManifest.xml:13:5-79
MERGED from [:SecurityGuardSDK-external-release-5.4.9901:] AndroidManifest.xml:13:5-79
MERGED from [:SecurityBodySDK-external-release-5.4.79:] AndroidManifest.xml:12:5-79
MERGED from [:SecurityBodySDK-external-release-5.4.79:] AndroidManifest.xml:12:5-79
MERGED from [:NoCaptchaSDK-external-release-5.4.33:] AndroidManifest.xml:12:5-79
MERGED from [:NoCaptchaSDK-external-release-5.4.33:] AndroidManifest.xml:12:5-79
	android:name
		ADDED from src\main\AndroidManifest.xml:18:22-76
uses-permission#android.permission.WRITE_SETTINGS
ADDED from src\main\AndroidManifest.xml:19:5-21:47
MERGED from [cn.jiguang.sdk:jpush:3.3.4] AndroidManifest.xml:22:5-73
MERGED from [cn.jiguang.sdk:jpush:3.3.4] AndroidManifest.xml:22:5-73
MERGED from [:SecurityGuardSDK-external-release-5.4.9901:] AndroidManifest.xml:16:5-73
MERGED from [:SecurityGuardSDK-external-release-5.4.9901:] AndroidManifest.xml:16:5-73
	tools:ignore
		ADDED from src\main\AndroidManifest.xml:21:9-44
	android:name
		ADDED from src\main\AndroidManifest.xml:20:9-57
uses-permission#android.permission.ACCESS_WIFI_STATE
ADDED from src\main\AndroidManifest.xml:22:5-76
MERGED from [cn.jiguang.sdk:jpush:3.3.4] AndroidManifest.xml:25:5-76
MERGED from [cn.jiguang.sdk:jpush:3.3.4] AndroidManifest.xml:25:5-76
MERGED from [:oss-android-sdk-2.9.2:] AndroidManifest.xml:13:5-76
MERGED from [:oss-android-sdk-2.9.2:] AndroidManifest.xml:13:5-76
MERGED from [:SecurityGuardSDK-external-release-5.4.9901:] AndroidManifest.xml:14:5-76
MERGED from [:SecurityGuardSDK-external-release-5.4.9901:] AndroidManifest.xml:14:5-76
	android:name
		ADDED from src\main\AndroidManifest.xml:22:22-73
uses-permission#android.permission.CHANGE_WIFI_STATE
ADDED from src\main\AndroidManifest.xml:27:5-76
MERGED from [cn.jiguang.sdk:jpush:3.3.4] AndroidManifest.xml:31:5-76
MERGED from [cn.jiguang.sdk:jpush:3.3.4] AndroidManifest.xml:31:5-76
MERGED from [:oss-android-sdk-2.9.2:] AndroidManifest.xml:15:5-76
MERGED from [:oss-android-sdk-2.9.2:] AndroidManifest.xml:15:5-76
	android:name
		ADDED from src\main\AndroidManifest.xml:27:22-73
uses-permission#android.permission.ACCESS_LOCATION_EXTRA_COMMANDS
ADDED from src\main\AndroidManifest.xml:28:5-89
MERGED from [cn.jiguang.sdk:jpush:3.3.4] AndroidManifest.xml:34:5-89
MERGED from [cn.jiguang.sdk:jpush:3.3.4] AndroidManifest.xml:34:5-89
	android:name
		ADDED from src\main\AndroidManifest.xml:28:22-86
uses-permission#android.permission.CHANGE_NETWORK_STATE
ADDED from src\main\AndroidManifest.xml:29:5-79
MERGED from [cn.jiguang.sdk:jpush:3.3.4] AndroidManifest.xml:35:5-79
MERGED from [cn.jiguang.sdk:jpush:3.3.4] AndroidManifest.xml:35:5-79
	android:name
		ADDED from src\main\AndroidManifest.xml:29:22-76
uses-permission#android.permission.GET_TASKS
ADDED from src\main\AndroidManifest.xml:30:5-68
MERGED from [cn.jiguang.sdk:jpush:3.3.4] AndroidManifest.xml:36:5-68
MERGED from [cn.jiguang.sdk:jpush:3.3.4] AndroidManifest.xml:36:5-68
MERGED from [:SecurityGuardSDK-external-release-5.4.9901:] AndroidManifest.xml:20:5-68
MERGED from [:SecurityGuardSDK-external-release-5.4.9901:] AndroidManifest.xml:20:5-68
	android:name
		ADDED from src\main\AndroidManifest.xml:30:22-65
uses-permission#android.permission.INTERNET
ADDED from src\main\AndroidManifest.xml:31:5-67
MERGED from [cn.jiguang.sdk:jpush:3.3.4] AndroidManifest.xml:18:5-67
MERGED from [cn.jiguang.sdk:jpush:3.3.4] AndroidManifest.xml:18:5-67
MERGED from [com.lzy.net:okgo:3.0.4] AndroidManifest.xml:26:5-67
MERGED from [com.lzy.net:okgo:3.0.4] AndroidManifest.xml:26:5-67
MERGED from [:oss-android-sdk-2.9.2:] AndroidManifest.xml:11:5-67
MERGED from [:oss-android-sdk-2.9.2:] AndroidManifest.xml:11:5-67
MERGED from [:SecurityGuardSDK-external-release-5.4.9901:] AndroidManifest.xml:17:5-67
MERGED from [:SecurityGuardSDK-external-release-5.4.9901:] AndroidManifest.xml:17:5-67
MERGED from [:SecurityBodySDK-external-release-5.4.79:] AndroidManifest.xml:11:5-67
MERGED from [:SecurityBodySDK-external-release-5.4.79:] AndroidManifest.xml:11:5-67
MERGED from [:NoCaptchaSDK-external-release-5.4.33:] AndroidManifest.xml:11:5-67
MERGED from [:NoCaptchaSDK-external-release-5.4.33:] AndroidManifest.xml:11:5-67
	android:name
		ADDED from src\main\AndroidManifest.xml:31:22-64
uses-permission#android.permission.READ_PHONE_STATE
ADDED from src\main\AndroidManifest.xml:33:5-75
MERGED from [cn.jiguang.sdk:jpush:3.3.4] AndroidManifest.xml:19:5-75
MERGED from [cn.jiguang.sdk:jpush:3.3.4] AndroidManifest.xml:19:5-75
MERGED from [:SecurityGuardSDK-external-release-5.4.9901:] AndroidManifest.xml:15:5-75
MERGED from [:SecurityGuardSDK-external-release-5.4.9901:] AndroidManifest.xml:15:5-75
	android:name
		ADDED from src\main\AndroidManifest.xml:33:22-72
uses-permission#android.permission.BLUETOOTH_ADMIN
ADDED from src\main\AndroidManifest.xml:34:5-74
	android:name
		ADDED from src\main\AndroidManifest.xml:34:22-71
uses-permission#android.permission.BLUETOOTH
ADDED from src\main\AndroidManifest.xml:35:5-68
MERGED from [:SecurityGuardSDK-external-release-5.4.9901:] AndroidManifest.xml:18:5-68
MERGED from [:SecurityGuardSDK-external-release-5.4.9901:] AndroidManifest.xml:18:5-68
	android:name
		ADDED from src\main\AndroidManifest.xml:35:22-65
uses-permission#android.permission.WRITE_EXTERNAL_STORAGE
ADDED from src\main\AndroidManifest.xml:36:5-81
MERGED from [com.cysion:ImagePicker:1.0.6] AndroidManifest.xml:12:5-81
MERGED from [com.cysion:ImagePicker:1.0.6] AndroidManifest.xml:12:5-81
MERGED from [cn.jiguang.sdk:jpush:3.3.4] AndroidManifest.xml:20:5-81
MERGED from [cn.jiguang.sdk:jpush:3.3.4] AndroidManifest.xml:20:5-81
MERGED from [com.lzy.net:okgo:3.0.4] AndroidManifest.xml:28:5-81
MERGED from [com.lzy.net:okgo:3.0.4] AndroidManifest.xml:28:5-81
MERGED from [:oss-android-sdk-2.9.2:] AndroidManifest.xml:14:5-81
MERGED from [:oss-android-sdk-2.9.2:] AndroidManifest.xml:14:5-81
MERGED from [:rpsdk-3.1.0.1:] AndroidManifest.xml:16:5-81
MERGED from [:rpsdk-3.1.0.1:] AndroidManifest.xml:16:5-81
MERGED from [:SecurityGuardSDK-external-release-5.4.9901:] AndroidManifest.xml:12:5-81
MERGED from [:SecurityGuardSDK-external-release-5.4.9901:] AndroidManifest.xml:12:5-81
	android:name
		ADDED from src\main\AndroidManifest.xml:36:22-78
uses-permission#android.permission.CALL_PHONE
ADDED from src\main\AndroidManifest.xml:38:5-69
	android:name
		ADDED from src\main\AndroidManifest.xml:38:22-66
uses-permission#android.permission.READ_EXTERNAL_STORAGE
ADDED from src\main\AndroidManifest.xml:39:5-80
MERGED from [com.cysion:ImagePicker:1.0.6] AndroidManifest.xml:13:5-80
MERGED from [com.cysion:ImagePicker:1.0.6] AndroidManifest.xml:13:5-80
MERGED from [cn.jiguang.sdk:jpush:3.3.4] AndroidManifest.xml:21:5-80
MERGED from [cn.jiguang.sdk:jpush:3.3.4] AndroidManifest.xml:21:5-80
MERGED from [com.lzy.net:okgo:3.0.4] AndroidManifest.xml:27:5-80
MERGED from [com.lzy.net:okgo:3.0.4] AndroidManifest.xml:27:5-80
MERGED from [:rpsdk-3.1.0.1:] AndroidManifest.xml:17:5-80
MERGED from [:rpsdk-3.1.0.1:] AndroidManifest.xml:17:5-80
MERGED from [:SecurityGuardSDK-external-release-5.4.9901:] AndroidManifest.xml:11:5-80
MERGED from [:SecurityGuardSDK-external-release-5.4.9901:] AndroidManifest.xml:11:5-80
	android:name
		ADDED from src\main\AndroidManifest.xml:39:22-77
uses-permission#android.permission.CAMERA
ADDED from src\main\AndroidManifest.xml:40:5-65
MERGED from [com.cysion:ImagePicker:1.0.6] AndroidManifest.xml:14:5-65
MERGED from [com.cysion:ImagePicker:1.0.6] AndroidManifest.xml:14:5-65
MERGED from [:rpsdk-3.1.0.1:] AndroidManifest.xml:11:5-65
MERGED from [:rpsdk-3.1.0.1:] AndroidManifest.xml:11:5-65
	android:name
		ADDED from src\main\AndroidManifest.xml:40:22-62
uses-permission#android.permission.REQUEST_INSTALL_PACKAGES
ADDED from src\main\AndroidManifest.xml:42:5-83
	android:name
		ADDED from src\main\AndroidManifest.xml:42:22-80
uses-permission#android.permission.MOUNT_UNMOUNT_FILESYSTEMS
ADDED from src\main\AndroidManifest.xml:44:5-46:47
MERGED from [cn.jiguang.sdk:jpush:3.3.4] AndroidManifest.xml:23:5-84
MERGED from [cn.jiguang.sdk:jpush:3.3.4] AndroidManifest.xml:23:5-84
MERGED from [com.lzy.net:okgo:3.0.4] AndroidManifest.xml:29:5-84
MERGED from [com.lzy.net:okgo:3.0.4] AndroidManifest.xml:29:5-84
	tools:ignore
		ADDED from src\main\AndroidManifest.xml:46:9-44
	android:name
		ADDED from src\main\AndroidManifest.xml:45:9-68
uses-permission#android.permission.RECORD_AUDIO
ADDED from src\main\AndroidManifest.xml:48:5-71
	android:name
		ADDED from src\main\AndroidManifest.xml:48:22-68
uses-feature#android.hardware.bluetooth_le
ADDED from src\main\AndroidManifest.xml:50:5-52:35
	android:required
		ADDED from src\main\AndroidManifest.xml:52:9-32
	android:name
		ADDED from src\main\AndroidManifest.xml:51:9-53
application
ADDED from src\main\AndroidManifest.xml:54:5-383:19
MERGED from [com.cysion:ImagePicker:1.0.6] AndroidManifest.xml:16:5-50:19
MERGED from [com.cysion:ImagePicker:1.0.6] AndroidManifest.xml:16:5-50:19
MERGED from [:highlight] AndroidManifest.xml:11:5-14:19
MERGED from [:highlight] AndroidManifest.xml:11:5-14:19
MERGED from [com.prolificinteractive:material-calendarview:1.4.3] AndroidManifest.xml:12:5-20
MERGED from [com.prolificinteractive:material-calendarview:1.4.3] AndroidManifest.xml:12:5-20
MERGED from [com.lsjwzh:materialloadingprogressbar:0.5.8-RELEASE] AndroidManifest.xml:11:5-12:19
MERGED from [com.lsjwzh:materialloadingprogressbar:0.5.8-RELEASE] AndroidManifest.xml:11:5-12:19
MERGED from [com.github.paradoxie:AutoVerticalTextview:0.1] AndroidManifest.xml:11:5-15:19
MERGED from [com.github.paradoxie:AutoVerticalTextview:0.1] AndroidManifest.xml:11:5-15:19
MERGED from [com.github.bumptech.glide:okhttp3-integration:1.5.0] AndroidManifest.xml:10:5-14:19
MERGED from [com.github.bumptech.glide:okhttp3-integration:1.5.0] AndroidManifest.xml:10:5-14:19
MERGED from [com.android.support.constraint:constraint-layout:1.1.3] AndroidManifest.xml:9:5-20
MERGED from [com.android.support.constraint:constraint-layout:1.1.3] AndroidManifest.xml:9:5-20
MERGED from [cn.jiguang.sdk:jpush:3.3.4] AndroidManifest.xml:38:5-146:19
MERGED from [cn.jiguang.sdk:jpush:3.3.4] AndroidManifest.xml:38:5-146:19
MERGED from [cn.jiguang.sdk:jcore:2.1.2] AndroidManifest.xml:11:5-12:19
MERGED from [cn.jiguang.sdk:jcore:2.1.2] AndroidManifest.xml:11:5-12:19
MERGED from [com.scwang.smartrefresh:SmartRefreshLayout:1.0.4] AndroidManifest.xml:11:5-15:19
MERGED from [com.scwang.smartrefresh:SmartRefreshLayout:1.0.4] AndroidManifest.xml:11:5-15:19
MERGED from [com.scwang.smartrefresh:SmartRefreshHeader:1.0.4] AndroidManifest.xml:11:5-15:19
MERGED from [com.scwang.smartrefresh:SmartRefreshHeader:1.0.4] AndroidManifest.xml:11:5-15:19
MERGED from [:oss-android-sdk-2.9.2:] AndroidManifest.xml:17:5-20:19
MERGED from [:oss-android-sdk-2.9.2:] AndroidManifest.xml:17:5-20:19
MERGED from [:FaceLivenessOpen-2.1.6.15:] AndroidManifest.xml:11:5-21:19
MERGED from [:FaceLivenessOpen-2.1.6.15:] AndroidManifest.xml:11:5-21:19
MERGED from [:rpsdk-3.1.0.1:] AndroidManifest.xml:19:5-26:19
MERGED from [:rpsdk-3.1.0.1:] AndroidManifest.xml:19:5-26:19
MERGED from [:SecurityGuardSDK-external-release-5.4.9901:] AndroidManifest.xml:22:5-35:19
MERGED from [:SecurityGuardSDK-external-release-5.4.9901:] AndroidManifest.xml:22:5-35:19
MERGED from [:SecurityBodySDK-external-release-5.4.79:] AndroidManifest.xml:14:5-17:19
MERGED from [:SecurityBodySDK-external-release-5.4.79:] AndroidManifest.xml:14:5-17:19
MERGED from [:NoCaptchaSDK-external-release-5.4.33:] AndroidManifest.xml:14:5-17:19
MERGED from [:NoCaptchaSDK-external-release-5.4.33:] AndroidManifest.xml:14:5-17:19
MERGED from [android.arch.lifecycle:runtime:1.0.0] AndroidManifest.xml:24:5-28:19
MERGED from [android.arch.lifecycle:runtime:1.0.0] AndroidManifest.xml:24:5-28:19
	android:supportsRtl
		ADDED from src\main\AndroidManifest.xml:60:9-35
	android:label
		ADDED from src\main\AndroidManifest.xml:58:9-41
	android:largeHeap
		ADDED from src\main\AndroidManifest.xml:59:9-33
	android:icon
		ADDED from src\main\AndroidManifest.xml:57:9-47
	android:allowBackup
		ADDED from src\main\AndroidManifest.xml:56:9-35
		REJECTED from [:highlight] AndroidManifest.xml:12:9-35
		REJECTED from [com.github.paradoxie:AutoVerticalTextview:0.1] AndroidManifest.xml:12:9-35
		REJECTED from [:oss-android-sdk-2.9.2:] AndroidManifest.xml:18:9-35
		REJECTED from [:SecurityGuardSDK-external-release-5.4.9901:] AndroidManifest.xml:23:9-36
		REJECTED from [:SecurityBodySDK-external-release-5.4.79:] AndroidManifest.xml:15:9-36
		REJECTED from [:NoCaptchaSDK-external-release-5.4.33:] AndroidManifest.xml:15:9-36
	android:theme
		ADDED from src\main\AndroidManifest.xml:62:9-40
	tools:replace
		ADDED from src\main\AndroidManifest.xml:63:9-44
	android:usesCleartextTraffic
		ADDED from src\main\AndroidManifest.xml:61:9-44
	android:name
		ADDED from src\main\AndroidManifest.xml:55:9-56
meta-data#com.amap.api.v2.apikey
ADDED from src\main\AndroidManifest.xml:66:9-68:64
	android:value
		ADDED from src\main\AndroidManifest.xml:68:13-61
	android:name
		ADDED from src\main\AndroidManifest.xml:67:13-50
meta-data#android.max_aspect
ADDED from src\main\AndroidManifest.xml:69:9-71:35
	android:value
		ADDED from src\main\AndroidManifest.xml:71:13-32
	android:name
		ADDED from src\main\AndroidManifest.xml:70:13-46
meta-data#design_width_in_dp
ADDED from src\main\AndroidManifest.xml:72:9-74:35
	android:value
		ADDED from src\main\AndroidManifest.xml:74:13-32
	android:name
		ADDED from src\main\AndroidManifest.xml:73:13-46
meta-data#design_height_in_dp
ADDED from src\main\AndroidManifest.xml:75:9-77:35
	android:value
		ADDED from src\main\AndroidManifest.xml:77:13-32
	android:name
		ADDED from src\main\AndroidManifest.xml:76:13-47
activity#com.mob.tools.MobUIShell
ADDED from src\main\AndroidManifest.xml:79:9-100:20
	android:screenOrientation
		ADDED from src\main\AndroidManifest.xml:82:13-49
	android:windowSoftInputMode
		ADDED from src\main\AndroidManifest.xml:84:13-67
	android:configChanges
		ADDED from src\main\AndroidManifest.xml:81:13-74
	android:theme
		ADDED from src\main\AndroidManifest.xml:83:13-72
	android:name
		ADDED from src\main\AndroidManifest.xml:80:13-52
intent-filter#action:name:android.intent.action.VIEW+category:name:android.intent.category.BROWSABLE+category:name:android.intent.category.DEFAULT+data:scheme:tencent1109897174
ADDED from src\main\AndroidManifest.xml:85:13-92:29
data
ADDED from src\main\AndroidManifest.xml:86:17-60
	android:scheme
		ADDED from src\main\AndroidManifest.xml:86:23-57
action#android.intent.action.VIEW
ADDED from src\main\AndroidManifest.xml:88:17-69
	android:name
		ADDED from src\main\AndroidManifest.xml:88:25-66
category#android.intent.category.BROWSABLE
ADDED from src\main\AndroidManifest.xml:90:17-78
	android:name
		ADDED from src\main\AndroidManifest.xml:90:27-75
category#android.intent.category.DEFAULT
ADDED from src\main\AndroidManifest.xml:91:17-76
	android:name
		ADDED from src\main\AndroidManifest.xml:91:27-73
intent-filter#action:name:com.sina.weibo.sdk.action.ACTION_SDK_REQ_ACTIVITY+category:name:android.intent.category.DEFAULT
ADDED from src\main\AndroidManifest.xml:95:13-99:29
action#com.sina.weibo.sdk.action.ACTION_SDK_REQ_ACTIVITY
ADDED from src\main\AndroidManifest.xml:96:17-92
	android:name
		ADDED from src\main\AndroidManifest.xml:96:25-89
service#com.linglingyi.com.service.DownloadService
ADDED from src\main\AndroidManifest.xml:102:9-78
	android:name
		ADDED from src\main\AndroidManifest.xml:102:18-75
activity#com.wuyouchuangke.com.wxapi.WXEntryActivity
ADDED from src\main\AndroidManifest.xml:104:9-109:75
	android:screenOrientation
		ADDED from src\main\AndroidManifest.xml:108:13-49
	android:exported
		ADDED from src\main\AndroidManifest.xml:107:13-36
	android:configChanges
		ADDED from src\main\AndroidManifest.xml:106:13-74
	android:theme
		ADDED from src\main\AndroidManifest.xml:109:13-72
	android:name
		ADDED from src\main\AndroidManifest.xml:105:13-71
activity#com.wuyouchuangke.com.wxapi.WXPayEntryActivity
ADDED from src\main\AndroidManifest.xml:110:9-121:20
	android:screenOrientation
		ADDED from src\main\AndroidManifest.xml:114:13-49
	android:launchMode
		ADDED from src\main\AndroidManifest.xml:113:13-43
	android:exported
		ADDED from src\main\AndroidManifest.xml:112:13-36
	android:theme
		ADDED from src\main\AndroidManifest.xml:115:13-72
	android:name
		ADDED from src\main\AndroidManifest.xml:111:13-74
intent-filter#action:name:android.intent.action.VIEW+category:name:android.intent.category.DEFAULT+data:scheme:wx9dfe0bb5db6cd3b6
ADDED from src\main\AndroidManifest.xml:116:13-120:29
activity#com.linglingyi.com.activity.LaunchActivity
ADDED from src\main\AndroidManifest.xml:123:9-131:20
	android:screenOrientation
		ADDED from src\main\AndroidManifest.xml:125:13-49
	android:name
		ADDED from src\main\AndroidManifest.xml:124:13-70
intent-filter#action:name:android.intent.action.MAIN+category:name:android.intent.category.LAUNCHER
ADDED from src\main\AndroidManifest.xml:126:13-130:29
action#android.intent.action.MAIN
ADDED from src\main\AndroidManifest.xml:127:17-69
	android:name
		ADDED from src\main\AndroidManifest.xml:127:25-66
category#android.intent.category.LAUNCHER
ADDED from src\main\AndroidManifest.xml:129:17-77
	android:name
		ADDED from src\main\AndroidManifest.xml:129:27-74
activity#com.linglingyi.com.activity.HomeNewActivity
ADDED from src\main\AndroidManifest.xml:134:9-137:48
	android:screenOrientation
		ADDED from src\main\AndroidManifest.xml:136:13-49
	android:theme
		ADDED from src\main\AndroidManifest.xml:137:13-45
	android:name
		ADDED from src\main\AndroidManifest.xml:135:13-71
activity#com.linglingyi.com.activity.LoginNewActivity
ADDED from src\main\AndroidManifest.xml:140:9-142:52
	android:screenOrientation
		ADDED from src\main\AndroidManifest.xml:142:13-49
	android:name
		ADDED from src\main\AndroidManifest.xml:141:13-72
activity#com.linglingyi.com.activity.RegisterNewActivity
ADDED from src\main\AndroidManifest.xml:145:9-147:52
	android:screenOrientation
		ADDED from src\main\AndroidManifest.xml:147:13-49
	android:name
		ADDED from src\main\AndroidManifest.xml:146:13-75
activity#com.linglingyi.com.activity.ForgetPassNewActivity
ADDED from src\main\AndroidManifest.xml:150:9-152:52
	android:screenOrientation
		ADDED from src\main\AndroidManifest.xml:152:13-49
	android:name
		ADDED from src\main\AndroidManifest.xml:151:13-77
activity#com.linglingyi.com.activity.CustomBankNameListActivity
ADDED from src\main\AndroidManifest.xml:155:9-157:52
	android:screenOrientation
		ADDED from src\main\AndroidManifest.xml:157:13-49
	android:name
		ADDED from src\main\AndroidManifest.xml:156:13-82
activity#com.linglingyi.com.activity.AuthBankActivity
ADDED from src\main\AndroidManifest.xml:162:9-164:52
	android:screenOrientation
		ADDED from src\main\AndroidManifest.xml:164:13-49
	android:name
		ADDED from src\main\AndroidManifest.xml:163:13-72
activity#com.linglingyi.com.activity.AddBankCardActivity
ADDED from src\main\AndroidManifest.xml:167:9-170:48
	android:screenOrientation
		ADDED from src\main\AndroidManifest.xml:169:13-49
	android:theme
		ADDED from src\main\AndroidManifest.xml:170:13-45
	android:name
		ADDED from src\main\AndroidManifest.xml:168:13-75
activity#com.linglingyi.com.activity.WithdrawalActivity
ADDED from src\main\AndroidManifest.xml:174:9-176:52
	android:screenOrientation
		ADDED from src\main\AndroidManifest.xml:176:13-49
	android:name
		ADDED from src\main\AndroidManifest.xml:175:13-74
activity#com.linglingyi.com.activity.WebViewActivity
ADDED from src\main\AndroidManifest.xml:179:9-181:52
	android:screenOrientation
		ADDED from src\main\AndroidManifest.xml:181:13-49
	android:name
		ADDED from src\main\AndroidManifest.xml:180:13-71
activity#com.linglingyi.com.activity.ZhucewebActivity
ADDED from src\main\AndroidManifest.xml:182:9-184:52
	android:screenOrientation
		ADDED from src\main\AndroidManifest.xml:184:13-49
	android:name
		ADDED from src\main\AndroidManifest.xml:183:13-72
activity#com.linglingyi.com.activity.X5WebViewActivity
ADDED from src\main\AndroidManifest.xml:186:9-188:52
	android:screenOrientation
		ADDED from src\main\AndroidManifest.xml:188:13-49
	android:name
		ADDED from src\main\AndroidManifest.xml:187:13-73
activity#zxing.activity.CaptureActivity
ADDED from src\main\AndroidManifest.xml:189:9-191:52
	android:screenOrientation
		ADDED from src\main\AndroidManifest.xml:191:13-49
	android:name
		ADDED from src\main\AndroidManifest.xml:190:13-58
service#com.tencent.smtt.export.external.DexClassLoaderProviderService
ADDED from src\main\AndroidManifest.xml:192:9-194:40
	android:process
		ADDED from src\main\AndroidManifest.xml:194:13-38
	android:label
		ADDED from src\main\AndroidManifest.xml:193:13-35
	android:name
		ADDED from src\main\AndroidManifest.xml:192:18-95
service#cn.jpush.android.service.PushService
ADDED from src\main\AndroidManifest.xml:195:9-198:36
REJECTED from [cn.jiguang.sdk:jpush:3.3.4] AndroidManifest.xml:61:9-72:19
	tools:node
		ADDED from src\main\AndroidManifest.xml:198:13-33
	android:process
		ADDED from src\main\AndroidManifest.xml:197:13-44
	android:name
		ADDED from src\main\AndroidManifest.xml:196:13-64
service#cn.jpush.android.service.DaemonService
ADDED from src\main\AndroidManifest.xml:201:9-210:19
MERGED from [cn.jiguang.sdk:jpush:3.3.4] AndroidManifest.xml:76:9-85:19
MERGED from [cn.jiguang.sdk:jpush:3.3.4] AndroidManifest.xml:76:9-85:19
	android:enabled
		ADDED from src\main\AndroidManifest.xml:203:13-35
	android:exported
		ADDED from src\main\AndroidManifest.xml:204:13-36
	android:name
		ADDED from src\main\AndroidManifest.xml:202:13-66
intent-filter#action:name:cn.jpush.android.intent.DaemonService+category:name:com.wuyouchuangke.com
ADDED from src\main\AndroidManifest.xml:205:13-209:29
action#cn.jpush.android.intent.DaemonService
ADDED from src\main\AndroidManifest.xml:206:17-80
	android:name
		ADDED from src\main\AndroidManifest.xml:206:25-77
category#com.wuyouchuangke.com
ADDED from src\main\AndroidManifest.xml:208:17-66
	android:name
		ADDED from src\main\AndroidManifest.xml:208:27-63
service#com.linglingyi.com.service.MyCommonPushService
ADDED from src\main\AndroidManifest.xml:211:9-218:19
	android:process
		ADDED from src\main\AndroidManifest.xml:214:13-40
	android:enabled
		ADDED from src\main\AndroidManifest.xml:212:13-35
	android:exported
		ADDED from src\main\AndroidManifest.xml:213:13-37
	android:name
		ADDED from src\main\AndroidManifest.xml:211:18-79
intent-filter#action:name:cn.jiguang.user.service.action
ADDED from src\main\AndroidManifest.xml:215:13-217:29
action#cn.jiguang.user.service.action
ADDED from src\main\AndroidManifest.xml:216:17-73
	android:name
		ADDED from src\main\AndroidManifest.xml:216:25-70
receiver#com.linglingyi.com.service.MyJpushMessageReceiver
ADDED from src\main\AndroidManifest.xml:219:9-227:20
	android:enabled
		ADDED from src\main\AndroidManifest.xml:221:13-35
	android:exported
		ADDED from src\main\AndroidManifest.xml:222:13-37
	android:name
		ADDED from src\main\AndroidManifest.xml:220:13-77
intent-filter#action:name:cn.jpush.android.intent.RECEIVE_MESSAGE+category:name:com.shuaishouzhanggui.com
ADDED from src\main\AndroidManifest.xml:223:13-226:29
action#cn.jpush.android.intent.RECEIVE_MESSAGE
ADDED from src\main\AndroidManifest.xml:224:17-82
	android:name
		ADDED from src\main\AndroidManifest.xml:224:25-79
category#com.shuaishouzhanggui.com
ADDED from src\main\AndroidManifest.xml:225:17-70
	android:name
		ADDED from src\main\AndroidManifest.xml:225:27-67
provider#android.support.v4.content.FileProvider
ADDED from src\main\AndroidManifest.xml:228:9-236:20
	android:grantUriPermissions
		ADDED from src\main\AndroidManifest.xml:232:13-47
	android:authorities
		ADDED from src\main\AndroidManifest.xml:230:13-69
	android:exported
		ADDED from src\main\AndroidManifest.xml:231:13-37
	android:name
		ADDED from src\main\AndroidManifest.xml:229:13-67
meta-data#android.support.FILE_PROVIDER_PATHS
ADDED from src\main\AndroidManifest.xml:233:13-235:58
	android:resource
		ADDED from src\main\AndroidManifest.xml:235:17-55
	android:name
		ADDED from src\main\AndroidManifest.xml:234:17-67
activity#com.linglingyi.com.activity.BankCardListActivity